<?xml version="1.0" encoding="UTF-8"?>
<testng-results ignored="0" total="3" passed="2" failed="1" skipped="0">
  <reporter-output>
  </reporter-output>
  <suite started-at="2023-12-11T08:40:45 GMT" name="Suite" finished-at="2023-12-11T08:43:57 GMT" duration-ms="192030">
    <groups>
      <group name="smoke">
        <method signature="HybridApp.checkBox(java.util.HashMap)[pri:0, instance:org.javaTut.HybridApp@7a1234bf]" name="checkBox" class="org.javaTut.HybridApp"/>
      </group> <!-- smoke -->
    </groups>
    <test started-at="2023-12-11T08:40:45 GMT" name="Base Test" finished-at="2023-12-11T08:40:45 GMT" duration-ms="10">
    </test> <!-- Base Test -->
    <test started-at="2023-12-11T08:40:46 GMT" name="Hybrid Test" finished-at="2023-12-11T08:43:57 GMT" duration-ms="191467">
      <class name="org.javaTut.HybridApp">
        <test-method is-config="true" signature="ConfigureAppium()[pri:0, instance:org.javaTut.HybridApp@7a1234bf]" started-at="2023-12-11T08:40:46 GMT" name="ConfigureAppium" finished-at="2023-12-11T08:41:05 GMT" duration-ms="19376" status="PASS">
          <reporter-output>
          </reporter-output>
        </test-method> <!-- ConfigureAppium -->
        <test-method signature="checkBox(java.util.HashMap)[pri:0, instance:org.javaTut.HybridApp@7a1234bf]" started-at="2023-12-11T08:41:06 GMT" name="checkBox" data-provider="getData" finished-at="2023-12-11T08:42:14 GMT" duration-ms="68599" status="PASS">
          <params>
            <param index="0">
              <value>
                <![CDATA[{name=Marc, country=Aruba, gender=male}]]>
              </value>
            </param>
          </params>
          <reporter-output>
          </reporter-output>
        </test-method> <!-- checkBox -->
        <test-method signature="checkBox(java.util.HashMap)[pri:0, instance:org.javaTut.HybridApp@7a1234bf]" started-at="2023-12-11T08:42:14 GMT" name="checkBox" data-provider="getData" finished-at="2023-12-11T08:43:13 GMT" duration-ms="58906" status="PASS">
          <params>
            <param index="0">
              <value>
                <![CDATA[{name=Sarah, country=Brazil, gender=female}]]>
              </value>
            </param>
          </params>
          <reporter-output>
          </reporter-output>
        </test-method> <!-- checkBox -->
        <test-method signature="checkBox(java.util.HashMap)[pri:0, instance:org.javaTut.HybridApp@7a1234bf]" started-at="2023-12-11T08:43:13 GMT" name="checkBox" data-provider="getData" finished-at="2023-12-11T08:43:56 GMT" duration-ms="42230" status="FAIL">
          <params>
            <param index="0">
              <value>
                <![CDATA[{name=Joel, country=Canada, gender=male}]]>
              </value>
            </param>
          </params>
          <exception class="org.openqa.selenium.NoSuchElementException">
            <message>
              <![CDATA[Can't locate an element by this strategy: By.chained({By.xpath: (//android.widget.TextView[@resource-id="com.androidsample.generalstore:id/productAddCart"])[3]})]]>
            </message>
            <full-stacktrace>
              <![CDATA[org.openqa.selenium.NoSuchElementException: Can't locate an element by this strategy: By.chained({By.xpath: (//android.widget.TextView[@resource-id="com.androidsample.generalstore:id/productAddCart"])[3]})
at io.appium.java_client.pagefactory.AppiumElementLocator.findElement(AppiumElementLocator.java:166)
at io.appium.java_client.pagefactory.interceptors.InterceptorOfASingleElement.call(InterceptorOfASingleElement.java:64)
at io.appium.java_client.proxy.Interceptor.intercept(Interceptor.java:77)
at org.openqa.selenium.remote.RemoteWebElement$ByteBuddy$dFpac19z.click(Unknown Source)
at org.javaTut.AppiumFramework.pageObjects.android.ProjectCatalog.chooseKicks(ProjectCatalog.java:44)
at org.javaTut.HybridApp.checkBox(HybridApp.java:34)
at java.base/jdk.internal.reflect.NativeMethodAccessorImpl.invoke0(Native Method)
at java.base/jdk.internal.reflect.NativeMethodAccessorImpl.invoke(NativeMethodAccessorImpl.java:77)
at java.base/jdk.internal.reflect.DelegatingMethodAccessorImpl.invoke(DelegatingMethodAccessorImpl.java:43)
at java.base/java.lang.reflect.Method.invoke(Method.java:568)
at org.testng.internal.MethodInvocationHelper.invokeMethod(MethodInvocationHelper.java:133)
at org.testng.internal.TestInvoker.invokeMethod(TestInvoker.java:598)
at org.testng.internal.TestInvoker.invokeTestMethod(TestInvoker.java:173)
at org.testng.internal.MethodRunner.runInSequence(MethodRunner.java:46)
at org.testng.internal.TestInvoker$MethodInvocationAgent.invoke(TestInvoker.java:824)
at org.testng.internal.TestInvoker.invokeTestMethods(TestInvoker.java:146)
at org.testng.internal.TestMethodWorker.invokeTestMethods(TestMethodWorker.java:146)
at org.testng.internal.TestMethodWorker.run(TestMethodWorker.java:128)
at java.base/java.util.ArrayList.forEach(ArrayList.java:1511)
at org.testng.TestRunner.privateRun(TestRunner.java:794)
at org.testng.TestRunner.run(TestRunner.java:596)
at org.testng.SuiteRunner.runTest(SuiteRunner.java:377)
at org.testng.SuiteRunner.runSequentially(SuiteRunner.java:371)
at org.testng.SuiteRunner.privateRun(SuiteRunner.java:332)
at org.testng.SuiteRunner.run(SuiteRunner.java:276)
at org.testng.SuiteRunnerWorker.runSuite(SuiteRunnerWorker.java:53)
at org.testng.SuiteRunnerWorker.run(SuiteRunnerWorker.java:96)
at org.testng.TestNG.runSuitesSequentially(TestNG.java:1212)
at org.testng.TestNG.runSuitesLocally(TestNG.java:1134)
at org.testng.TestNG.runSuites(TestNG.java:1063)
at org.testng.TestNG.run(TestNG.java:1031)
at org.testng.remote.AbstractRemoteTestNG.run(AbstractRemoteTestNG.java:115)
at org.testng.remote.RemoteTestNG.initAndRun(RemoteTestNG.java:251)
at org.testng.remote.RemoteTestNG.main(RemoteTestNG.java:77)
Caused by: org.openqa.selenium.TimeoutException: Expected condition failed: waiting for io.appium.java_client.pagefactory.AppiumElementLocator$WaitingFunction@7ee12d58 (tried for 1 second(s) with 500 milliseconds interval)
at org.openqa.selenium.support.ui.FluentWait.timeoutException(FluentWait.java:261)
at org.openqa.selenium.support.ui.FluentWait.until(FluentWait.java:229)
at io.appium.java_client.pagefactory.AppiumElementLocator.waitFor(AppiumElementLocator.java:135)
at io.appium.java_client.pagefactory.AppiumElementLocator.findElement(AppiumElementLocator.java:160)
... 33 more
Caused by: org.openqa.selenium.NoSuchElementException: Cannot locate an element using By.chained({By.xpath: (//android.widget.TextView[@resource-id="com.androidsample.generalstore:id/productAddCart"])[3]})
For documentation on this error, please visit: https://www.selenium.dev/documentation/webdriver/troubleshooting/errors#no-such-element-exception
Build info: version: '4.16.1', revision: '9b4c83354e'
System info: os.name: 'Windows 10', os.arch: 'amd64', os.version: '10.0', java.version: '17.0.7'
Driver info: driver.version: RemoteWebDriver
at io.appium.java_client.pagefactory.bys.builder.ByChained.findElement(ByChained.java:77)
at org.openqa.selenium.remote.ElementLocation$ElementFinder$1.findElement(ElementLocation.java:139)
at org.openqa.selenium.remote.ElementLocation.findElement(ElementLocation.java:59)
at org.openqa.selenium.remote.RemoteWebDriver.findElement(RemoteWebDriver.java:360)
at org.openqa.selenium.remote.RemoteWebDriver.findElement(RemoteWebDriver.java:354)
at io.appium.java_client.pagefactory.bys.ContentMappedBy.findElement(ContentMappedBy.java:53)
at org.openqa.selenium.remote.ElementLocation$ElementFinder$1.findElement(ElementLocation.java:139)
at org.openqa.selenium.remote.ElementLocation.findElement(ElementLocation.java:59)
at org.openqa.selenium.remote.RemoteWebDriver.findElement(RemoteWebDriver.java:360)
at org.openqa.selenium.remote.RemoteWebDriver.findElement(RemoteWebDriver.java:354)
at io.appium.java_client.pagefactory.AppiumElementLocator.lambda$findElement$1(AppiumElementLocator.java:160)
at io.appium.java_client.pagefactory.AppiumElementLocator$WaitingFunction.apply(AppiumElementLocator.java:217)
at io.appium.java_client.pagefactory.AppiumElementLocator$WaitingFunction.apply(AppiumElementLocator.java:210)
at org.openqa.selenium.support.ui.FluentWait.until(FluentWait.java:204)
... 35 more
]]>
            </full-stacktrace>
          </exception> <!-- org.openqa.selenium.NoSuchElementException -->
          <reporter-output>
          </reporter-output>
        </test-method> <!-- checkBox -->
        <test-method is-config="true" signature="tearDown()[pri:0, instance:org.javaTut.HybridApp@7a1234bf]" started-at="2023-12-11T08:43:56 GMT" name="tearDown" finished-at="2023-12-11T08:43:57 GMT" duration-ms="861" status="PASS">
          <reporter-output>
          </reporter-output>
        </test-method> <!-- tearDown -->
      </class> <!-- org.javaTut.HybridApp -->
    </test> <!-- Hybrid Test -->
  </suite> <!-- Suite -->
</testng-results>
